#
# There is insufficient memory for the Java Runtime Environment to continue.
# Native memory allocation (malloc) failed to allocate 1708624 bytes. Error detail: Chunk::new
# Possible reasons:
#   The system is out of physical RAM or swap space
#   This process is running with CompressedOops enabled, and the Java Heap may be blocking the growth of the native heap
# Possible solutions:
#   Reduce memory load on the system
#   Increase physical memory or swap space
#   Check if swap backing store is full
#   Decrease Java heap size (-Xmx/-Xms)
#   Decrease number of Java threads
#   Decrease Java thread stack sizes (-Xss)
#   Set larger code cache with -XX:ReservedCodeCacheSize=
#   JVM is running with Unscaled Compressed Oops mode in which the Java heap is
#     placed in the first 4GB address space. The Java Heap base address is the
#     maximum limit for the native heap growth. Please use -XX:HeapBaseMinAddress
#     to set the Java Heap base and to place the Java Heap above 4GB virtual address.
# This output file may be truncated or incomplete.
#
#  Out of Memory Error (arena.cpp:168), pid=8144, tid=16220
#
# JRE version: OpenJDK Runtime Environment (21.0.8) (build 21.0.8+-14196175-b1038.72)
# Java VM: OpenJDK 64-Bit Server VM (21.0.8+-14196175-b1038.72, mixed mode, tiered, compressed oops, compressed class ptrs, g1 gc, windows-amd64)
# No core dump will be written. Minidumps are not enabled by default on client versions of Windows
#

---------------  S U M M A R Y ------------

Command Line: --add-opens=java.base/java.lang=ALL-UNNAMED --add-opens=java.base/java.lang.invoke=ALL-UNNAMED --add-opens=java.base/java.util=ALL-UNNAMED --add-opens=java.prefs/java.util.prefs=ALL-UNNAMED --add-exports=jdk.compiler/com.sun.tools.javac.api=ALL-UNNAMED --add-exports=jdk.compiler/com.sun.tools.javac.util=ALL-UNNAMED --add-opens=java.base/java.util=ALL-UNNAMED --add-opens=java.prefs/java.util.prefs=ALL-UNNAMED --add-opens=java.base/java.nio.charset=ALL-UNNAMED --add-opens=java.base/java.net=ALL-UNNAMED --add-opens=java.base/java.util.concurrent.atomic=ALL-UNNAMED --add-opens=java.xml/javax.xml.namespace=ALL-UNNAMED -Xmx2048m -Dfile.encoding=UTF-8 -Duser.country=ID -Duser.language=en -Duser.variant -javaagent:C:\Users\62812\.gradle\wrapper\dists\gradle-8.13-bin\5xuhj0ry160q40clulazy9h7d\gradle-8.13\lib\agents\gradle-instrumentation-agent-8.13.jar org.gradle.launcher.daemon.bootstrap.GradleDaemon 8.13

Host: AMD Ryzen 3 3250U with Radeon Graphics         , 4 cores, 3G,  Windows 11 , 64 bit Build 26100 (10.0.26100.6725)
Time: Thu Dec 11 14:25:08 2025 SE Asia Standard Time elapsed time: 47.309044 seconds (0d 0h 0m 47s)

---------------  T H R E A D  ---------------

Current thread (0x00000275df0f3fd0):  JavaThread "C2 CompilerThread0" daemon [_thread_in_native, id=16220, stack(0x0000009213d00000,0x0000009213e00000) (1024K)]


Current CompileTask:
C2:47309 2827   !   4       java.lang.ClassLoader::loadClass (121 bytes)

Stack: [0x0000009213d00000,0x0000009213e00000]
Native frames: (J=compiled Java code, j=interpreted, Vv=VM code, C=native code)
V  [jvm.dll+0x6d68d9]
V  [jvm.dll+0x866693]
V  [jvm.dll+0x868c4e]
V  [jvm.dll+0x869333]
V  [jvm.dll+0x280566]
V  [jvm.dll+0xc07cd]
V  [jvm.dll+0xc0d03]
V  [jvm.dll+0x3b961b]
V  [jvm.dll+0x385507]
V  [jvm.dll+0x38497a]
V  [jvm.dll+0x249252]
V  [jvm.dll+0x248821]
V  [jvm.dll+0x1c73a4]
V  [jvm.dll+0x257f9e]
V  [jvm.dll+0x2564e6]
V  [jvm.dll+0x3f4696]
V  [jvm.dll+0x80eac8]
V  [jvm.dll+0x6d512d]
C  [ucrtbase.dll+0x37b0]
C  [KERNEL32.DLL+0x2e8d7]
C  [ntdll.dll+0x8c53c]


---------------  P R O C E S S  ---------------

Threads class SMR info:
_java_thread_list=0x00000275e4bd1300, length=23, elements={
0x00000275c5ed5480, 0x00000275df0e4090, 0x00000275df10c8a0, 0x00000275df1083d0,
0x00000275df10a710, 0x00000275df10b170, 0x00000275df0f0b00, 0x00000275df0f1560,
0x00000275df0f3fd0, 0x00000275df0f54f0, 0x00000275df3b4ad0, 0x00000275e4ec3b10,
0x00000275df4f70b0, 0x00000275e4ac03b0, 0x00000275e50c7250, 0x00000275e50c78c0,
0x00000275e4bc9e10, 0x00000275e40fd690, 0x00000275e40fc970, 0x00000275e40fc2e0,
0x00000275e40fa210, 0x00000275e40fd000, 0x00000275e40fb5c0
}

Java Threads: ( => current thread )
  0x00000275c5ed5480 JavaThread "main"                              [_thread_blocked, id=12368, stack(0x0000009212e00000,0x0000009212f00000) (1024K)]
  0x00000275df0e4090 JavaThread "Common-Cleaner"             daemon [_thread_blocked, id=7904, stack(0x0000009213600000,0x0000009213700000) (1024K)]
  0x00000275df10c8a0 JavaThread "Reference Handler"          daemon [_thread_blocked, id=12700, stack(0x0000009213700000,0x0000009213800000) (1024K)]
  0x00000275df1083d0 JavaThread "Finalizer"                  daemon [_thread_blocked, id=8188, stack(0x0000009213800000,0x0000009213900000) (1024K)]
  0x00000275df10a710 JavaThread "Signal Dispatcher"          daemon [_thread_blocked, id=9356, stack(0x0000009213900000,0x0000009213a00000) (1024K)]
  0x00000275df10b170 JavaThread "Attach Listener"            daemon [_thread_blocked, id=14796, stack(0x0000009213a00000,0x0000009213b00000) (1024K)]
  0x00000275df0f0b00 JavaThread "Service Thread"             daemon [_thread_blocked, id=10156, stack(0x0000009213b00000,0x0000009213c00000) (1024K)]
  0x00000275df0f1560 JavaThread "Monitor Deflation Thread"   daemon [_thread_blocked, id=9524, stack(0x0000009213c00000,0x0000009213d00000) (1024K)]
=>0x00000275df0f3fd0 JavaThread "C2 CompilerThread0"         daemon [_thread_in_native, id=16220, stack(0x0000009213d00000,0x0000009213e00000) (1024K)]
  0x00000275df0f54f0 JavaThread "C1 CompilerThread0"         daemon [_thread_blocked, id=17216, stack(0x0000009213e00000,0x0000009213f00000) (1024K)]
  0x00000275df3b4ad0 JavaThread "Notification Thread"        daemon [_thread_blocked, id=10184, stack(0x0000009213f00000,0x0000009214000000) (1024K)]
  0x00000275e4ec3b10 JavaThread "Daemon health stats"               [_thread_blocked, id=5732, stack(0x0000009214300000,0x0000009214400000) (1024K)]
  0x00000275df4f70b0 JavaThread "Incoming local TCP Connector on port 56466"        [_thread_in_native, id=9932, stack(0x0000009214400000,0x0000009214500000) (1024K)]
  0x00000275e4ac03b0 JavaThread "Daemon periodic checks"            [_thread_blocked, id=8128, stack(0x0000009214500000,0x0000009214600000) (1024K)]
  0x00000275e50c7250 JavaThread "Daemon"                            [_thread_blocked, id=15852, stack(0x0000009214600000,0x0000009214700000) (1024K)]
  0x00000275e50c78c0 JavaThread "Handler for socket connection from /127.0.0.1:56466 to /127.0.0.1:56468"        [_thread_in_native, id=3784, stack(0x0000009214700000,0x0000009214800000) (1024K)]
  0x00000275e4bc9e10 JavaThread "Cancel handler"                    [_thread_blocked, id=3384, stack(0x0000009212b00000,0x0000009212c00000) (1024K)]
  0x00000275e40fd690 JavaThread "Daemon worker"                     [_thread_in_native, id=9300, stack(0x0000009214800000,0x0000009214900000) (1024K)]
  0x00000275e40fc970 JavaThread "Asynchronous log dispatcher for DefaultDaemonConnection: socket connection from /127.0.0.1:56466 to /127.0.0.1:56468"        [_thread_blocked, id=7808, stack(0x0000009214900000,0x0000009214a00000) (1024K)]
  0x00000275e40fc2e0 JavaThread "Stdin handler"                     [_thread_blocked, id=16828, stack(0x0000009214a00000,0x0000009214b00000) (1024K)]
  0x00000275e40fa210 JavaThread "Daemon client event forwarder"        [_thread_blocked, id=7312, stack(0x0000009214b00000,0x0000009214c00000) (1024K)]
  0x00000275e40fd000 JavaThread "Cache worker for journal cache (C:\Users\62812\.gradle\caches\journal-1)"        [_thread_blocked, id=15124, stack(0x0000009214c00000,0x0000009214d00000) (1024K)]
  0x00000275e40fb5c0 JavaThread "File lock request listener"        [_thread_in_native, id=11796, stack(0x0000009214d00000,0x0000009214e00000) (1024K)]
Total: 23

Other Threads:
  0x00000275def34060 VMThread "VM Thread"                           [id=10972, stack(0x0000009213500000,0x0000009213600000) (1024K)]
  0x00000275deed40c0 WatcherThread "VM Periodic Task Thread"        [id=13920, stack(0x0000009213400000,0x0000009213500000) (1024K)]
  0x00000275c81649a0 WorkerThread "GC Thread#0"                     [id=15540, stack(0x0000009212f00000,0x0000009213000000) (1024K)]
  0x00000275df4c6380 WorkerThread "GC Thread#1"                     [id=12244, stack(0x0000009214000000,0x0000009214100000) (1024K)]
  0x00000275df62be30 WorkerThread "GC Thread#2"                     [id=17268, stack(0x0000009214100000,0x0000009214200000) (1024K)]
  0x00000275df377e10 WorkerThread "GC Thread#3"                     [id=13288, stack(0x0000009214200000,0x0000009214300000) (1024K)]
  0x00000275c8175880 ConcurrentGCThread "G1 Main Marker"            [id=9624, stack(0x0000009213000000,0x0000009213100000) (1024K)]
  0x00000275c8176280 WorkerThread "G1 Conc#0"                       [id=6472, stack(0x0000009213100000,0x0000009213200000) (1024K)]
  0x00000275c81c6a80 ConcurrentGCThread "G1 Refine#0"               [id=3868, stack(0x0000009213200000,0x0000009213300000) (1024K)]
  0x00000275dedb1490 ConcurrentGCThread "G1 Service"                [id=2136, stack(0x0000009213300000,0x0000009213400000) (1024K)]
Total: 10

Threads with active compile tasks:
C2 CompilerThread0  47688 2827   !   4       java.lang.ClassLoader::loadClass (121 bytes)
Total: 1

VM state: not at safepoint (normal execution)

VM Mutex/Monitor currently owned by a thread: None

Heap address: 0x0000000080000000, size: 2048 MB, Compressed Oops mode: 32-bit

CDS archive(s) not mapped
Compressed class space mapped at: 0x0000000100000000-0x0000000140000000, reserved size: 1073741824
Narrow klass base: 0x0000000000000000, Narrow klass shift: 3, Narrow klass range: 0x140000000

GC Precious Log:
 CardTable entry size: 512
 Card Set container configuration: InlinePtr #cards 5 size 8 Array Of Cards #cards 12 size 40 Howl #buckets 4 coarsen threshold 1843 Howl Bitmap #cards 512 size 80 coarsen threshold 460 Card regions per heap region 1 cards per card region 2048
 CPUs: 4 total, 4 available
 Memory: 3521M
 Large Page Support: Disabled
 NUMA Support: Disabled
 Compressed Oops: Enabled (32-bit)
 Heap Region Size: 1M
 Heap Min Capacity: 8M
 Heap Initial Capacity: 56M
 Heap Max Capacity: 2G
 Pre-touch: Disabled
 Parallel Workers: 4
 Concurrent Workers: 1
 Concurrent Refinement Workers: 4
 Periodic GC: Disabled

Heap:
 garbage-first heap   total 57344K, used 43664K [0x0000000080000000, 0x0000000100000000)
  region size 1024K, 29 young (29696K), 4 survivors (4096K)
 Metaspace       used 26061K, committed 26496K, reserved 1114112K
  class space    used 3233K, committed 3456K, reserved 1048576K

Heap Regions: E=young(eden), S=young(survivor), O=old, HS=humongous(starts), HC=humongous(continues), CS=collection set, F=free, TAMS=top-at-mark-start, PB=parsable bottom
|   0|0x0000000080000000, 0x0000000080100000, 0x0000000080100000|100%|HS|  |TAMS 0x0000000080000000| PB 0x0000000080000000| Complete 
|   1|0x0000000080100000, 0x0000000080200000, 0x0000000080200000|100%|HC|  |TAMS 0x0000000080100000| PB 0x0000000080100000| Complete 
|   2|0x0000000080200000, 0x0000000080300000, 0x0000000080300000|100%|HC|  |TAMS 0x0000000080200000| PB 0x0000000080200000| Complete 
|   3|0x0000000080300000, 0x0000000080400000, 0x0000000080400000|100%| O|  |TAMS 0x0000000080300000| PB 0x0000000080300000| Untracked 
|   4|0x0000000080400000, 0x0000000080500000, 0x0000000080500000|100%| O|  |TAMS 0x0000000080400000| PB 0x0000000080400000| Untracked 
|   5|0x0000000080500000, 0x0000000080600000, 0x0000000080600000|100%| O|  |TAMS 0x0000000080500000| PB 0x0000000080500000| Untracked 
|   6|0x0000000080600000, 0x0000000080700000, 0x0000000080700000|100%| O|  |TAMS 0x0000000080600000| PB 0x0000000080600000| Untracked 
|   7|0x0000000080700000, 0x0000000080800000, 0x0000000080800000|100%| O|  |TAMS 0x0000000080700000| PB 0x0000000080700000| Untracked 
|   8|0x0000000080800000, 0x0000000080900000, 0x0000000080900000|100%| O|Cm|TAMS 0x0000000080800000| PB 0x0000000080800000| Complete 
|   9|0x0000000080900000, 0x0000000080a00000, 0x0000000080a00000|100%| O|  |TAMS 0x0000000080900000| PB 0x0000000080900000| Untracked 
|  10|0x0000000080a00000, 0x0000000080b00000, 0x0000000080b00000|100%| O|  |TAMS 0x0000000080a00000| PB 0x0000000080a00000| Untracked 
|  11|0x0000000080b00000, 0x0000000080c00000, 0x0000000080c00000|100%|HS|  |TAMS 0x0000000080b00000| PB 0x0000000080b00000| Complete 
|  12|0x0000000080c00000, 0x0000000080d00000, 0x0000000080d00000|100%| O|  |TAMS 0x0000000080c00000| PB 0x0000000080c00000| Untracked 
|  13|0x0000000080d00000, 0x0000000080e00000, 0x0000000080e00000|100%| O|  |TAMS 0x0000000080d00000| PB 0x0000000080d00000| Untracked 
|  14|0x0000000080e00000, 0x0000000080f00000, 0x0000000080f00000|100%| O|  |TAMS 0x0000000080e00000| PB 0x0000000080e00000| Untracked 
|  15|0x0000000080f00000, 0x0000000080fd36f0, 0x0000000081000000| 82%| O|  |TAMS 0x0000000080f00000| PB 0x0000000080f00000| Untracked 
|  16|0x0000000081000000, 0x0000000081000000, 0x0000000081100000|  0%| F|  |TAMS 0x0000000081000000| PB 0x0000000081000000| Untracked 
|  17|0x0000000081100000, 0x0000000081100000, 0x0000000081200000|  0%| F|  |TAMS 0x0000000081100000| PB 0x0000000081100000| Untracked 
|  18|0x0000000081200000, 0x0000000081200000, 0x0000000081300000|  0%| F|  |TAMS 0x0000000081200000| PB 0x0000000081200000| Untracked 
|  19|0x0000000081300000, 0x0000000081300000, 0x0000000081400000|  0%| F|  |TAMS 0x0000000081300000| PB 0x0000000081300000| Untracked 
|  20|0x0000000081400000, 0x0000000081400000, 0x0000000081500000|  0%| F|  |TAMS 0x0000000081400000| PB 0x0000000081400000| Untracked 
|  21|0x0000000081500000, 0x0000000081500000, 0x0000000081600000|  0%| F|  |TAMS 0x0000000081500000| PB 0x0000000081500000| Untracked 
|  22|0x0000000081600000, 0x0000000081600000, 0x0000000081700000|  0%| F|  |TAMS 0x0000000081600000| PB 0x0000000081600000| Untracked 
|  23|0x0000000081700000, 0x0000000081700000, 0x0000000081800000|  0%| F|  |TAMS 0x0000000081700000| PB 0x0000000081700000| Untracked 
|  24|0x0000000081800000, 0x0000000081800000, 0x0000000081900000|  0%| F|  |TAMS 0x0000000081800000| PB 0x0000000081800000| Untracked 
|  25|0x0000000081900000, 0x00000000819d0b90, 0x0000000081a00000| 81%| S|CS|TAMS 0x0000000081900000| PB 0x0000000081900000| Complete 
|  26|0x0000000081a00000, 0x0000000081b00000, 0x0000000081b00000|100%| S|CS|TAMS 0x0000000081a00000| PB 0x0000000081a00000| Complete 
|  27|0x0000000081b00000, 0x0000000081c00000, 0x0000000081c00000|100%| S|CS|TAMS 0x0000000081b00000| PB 0x0000000081b00000| Complete 
|  28|0x0000000081c00000, 0x0000000081d00000, 0x0000000081d00000|100%| S|CS|TAMS 0x0000000081c00000| PB 0x0000000081c00000| Complete 
|  29|0x0000000081d00000, 0x0000000081d00000, 0x0000000081e00000|  0%| F|  |TAMS 0x0000000081d00000| PB 0x0000000081d00000| Untracked 
|  30|0x0000000081e00000, 0x0000000081e00000, 0x0000000081f00000|  0%| F|  |TAMS 0x0000000081e00000| PB 0x0000000081e00000| Untracked 
|  31|0x0000000081f00000, 0x0000000081ffc048, 0x0000000082000000| 98%| E|  |TAMS 0x0000000081f00000| PB 0x0000000081f00000| Complete 
|  32|0x0000000082000000, 0x0000000082100000, 0x0000000082100000|100%| E|  |TAMS 0x0000000082000000| PB 0x0000000082000000| Complete 
|  33|0x0000000082100000, 0x0000000082200000, 0x0000000082200000|100%| E|CS|TAMS 0x0000000082100000| PB 0x0000000082100000| Complete 
|  34|0x0000000082200000, 0x0000000082300000, 0x0000000082300000|100%| E|CS|TAMS 0x0000000082200000| PB 0x0000000082200000| Complete 
|  35|0x0000000082300000, 0x0000000082400000, 0x0000000082400000|100%| E|CS|TAMS 0x0000000082300000| PB 0x0000000082300000| Complete 
|  36|0x0000000082400000, 0x0000000082500000, 0x0000000082500000|100%| E|CS|TAMS 0x0000000082400000| PB 0x0000000082400000| Complete 
|  37|0x0000000082500000, 0x0000000082600000, 0x0000000082600000|100%| E|CS|TAMS 0x0000000082500000| PB 0x0000000082500000| Complete 
|  38|0x0000000082600000, 0x0000000082700000, 0x0000000082700000|100%| E|CS|TAMS 0x0000000082600000| PB 0x0000000082600000| Complete 
|  39|0x0000000082700000, 0x0000000082800000, 0x0000000082800000|100%| E|CS|TAMS 0x0000000082700000| PB 0x0000000082700000| Complete 
|  40|0x0000000082800000, 0x0000000082900000, 0x0000000082900000|100%| E|CS|TAMS 0x0000000082800000| PB 0x0000000082800000| Complete 
|  41|0x0000000082900000, 0x0000000082a00000, 0x0000000082a00000|100%| E|CS|TAMS 0x0000000082900000| PB 0x0000000082900000| Complete 
|  42|0x0000000082a00000, 0x0000000082b00000, 0x0000000082b00000|100%| E|CS|TAMS 0x0000000082a00000| PB 0x0000000082a00000| Complete 
|  43|0x0000000082b00000, 0x0000000082c00000, 0x0000000082c00000|100%| E|CS|TAMS 0x0000000082b00000| PB 0x0000000082b00000| Complete 
|  44|0x0000000082c00000, 0x0000000082d00000, 0x0000000082d00000|100%| E|CS|TAMS 0x0000000082c00000| PB 0x0000000082c00000| Complete 
|  45|0x0000000082d00000, 0x0000000082e00000, 0x0000000082e00000|100%| E|CS|TAMS 0x0000000082d00000| PB 0x0000000082d00000| Complete 
|  46|0x0000000082e00000, 0x0000000082f00000, 0x0000000082f00000|100%| E|CS|TAMS 0x0000000082e00000| PB 0x0000000082e00000| Complete 
|  47|0x0000000082f00000, 0x0000000083000000, 0x0000000083000000|100%| E|CS|TAMS 0x0000000082f00000| PB 0x0000000082f00000| Complete 
|  48|0x0000000083000000, 0x0000000083100000, 0x0000000083100000|100%| E|CS|TAMS 0x0000000083000000| PB 0x0000000083000000| Complete 
|  49|0x0000000083100000, 0x0000000083200000, 0x0000000083200000|100%| E|CS|TAMS 0x0000000083100000| PB 0x0000000083100000| Complete 
|  50|0x0000000083200000, 0x0000000083300000, 0x0000000083300000|100%| E|CS|TAMS 0x0000000083200000| PB 0x0000000083200000| Complete 
|  51|0x0000000083300000, 0x0000000083400000, 0x0000000083400000|100%| E|CS|TAMS 0x0000000083300000| PB 0x0000000083300000| Complete 
|  52|0x0000000083400000, 0x0000000083500000, 0x0000000083500000|100%| E|CS|TAMS 0x0000000083400000| PB 0x0000000083400000| Complete 
|  53|0x0000000083500000, 0x0000000083600000, 0x0000000083600000|100%| E|CS|TAMS 0x0000000083500000| PB 0x0000000083500000| Complete 
|  54|0x0000000083600000, 0x0000000083700000, 0x0000000083700000|100%| E|CS|TAMS 0x0000000083600000| PB 0x0000000083600000| Complete 
|  55|0x0000000083700000, 0x0000000083800000, 0x0000000083800000|100%| E|CS|TAMS 0x0000000083700000| PB 0x0000000083700000| Complete 

Card table byte_map: [0x00000275da660000,0x00000275daa60000] _byte_map_base: 0x00000275da260000

Marking Bits: (CMBitMap*) 0x00000275c8164fa0
 Bits: [0x00000275daa60000, 0x00000275dca60000)

Polling page: 0x00000275c5fd0000

Metaspace:

Usage:
  Non-class:     22.29 MB used.
      Class:      3.16 MB used.
       Both:     25.45 MB used.

Virtual space:
  Non-class space:       64.00 MB reserved,      22.50 MB ( 35%) committed,  1 nodes.
      Class space:        1.00 GB reserved,       3.38 MB ( <1%) committed,  1 nodes.
             Both:        1.06 GB reserved,      25.88 MB (  2%) committed. 

Chunk freelists:
   Non-Class:  9.28 MB
       Class:  12.47 MB
        Both:  21.75 MB

MaxMetaspaceSize: unlimited
CompressedClassSpaceSize: 1.00 GB
Initial GC threshold: 21.00 MB
Current GC threshold: 35.31 MB
CDS: off
 - commit_granule_bytes: 65536.
 - commit_granule_words: 8192.
 - virtual_space_node_default_size: 8388608.
 - enlarge_chunks_in_place: 1.
 - use_allocation_guard: 0.


Internal statistics:

num_allocs_failed_limit: 3.
num_arena_births: 480.
num_arena_deaths: 0.
num_vsnodes_births: 2.
num_vsnodes_deaths: 0.
num_space_committed: 414.
num_space_uncommitted: 0.
num_chunks_returned_to_freelist: 3.
num_chunks_taken_from_freelist: 1054.
num_chunk_merges: 0.
num_chunk_splits: 677.
num_chunks_enlarged: 457.
num_inconsistent_stats: 0.

CodeHeap 'non-profiled nmethods': size=120000Kb used=1305Kb max_used=1305Kb free=118694Kb
 bounds [0x00000275d2d30000, 0x00000275d2fa0000, 0x00000275da260000]
CodeHeap 'profiled nmethods': size=120000Kb used=5742Kb max_used=5742Kb free=114257Kb
 bounds [0x00000275cb260000, 0x00000275cb800000, 0x00000275d2790000]
CodeHeap 'non-nmethods': size=5760Kb used=1453Kb max_used=1466Kb free=4306Kb
 bounds [0x00000275d2790000, 0x00000275d2a00000, 0x00000275d2d30000]
CodeCache: size=245760Kb, used=8500Kb, max_used=8513Kb, free=237257Kb
 total_blobs=3415, nmethods=2857, adapters=462, full_count=0
Compilation: enabled, stopped_count=0, restarted_count=0

Compilation events (20 events):
Event: 41.851 Thread 0x00000275df0f54f0 nmethod 2826 0x00000275cb7e8b90 code [0x00000275cb7e8d60, 0x00000275cb7e90a0]
Event: 41.918 Thread 0x00000275df0f3fd0 2827   !   4       java.lang.ClassLoader::loadClass (121 bytes)
Event: 42.709 Thread 0x00000275df0f54f0 2829       3       java.lang.ThreadLocal::set (18 bytes)
Event: 42.948 Thread 0x00000275df0f54f0 nmethod 2829 0x00000275cb7e9210 code [0x00000275cb7e93e0, 0x00000275cb7e97a8]
Event: 43.026 Thread 0x00000275df0f54f0 2831       3       jdk.internal.reflect.ReflectionFactory::copyField (11 bytes)
Event: 43.026 Thread 0x00000275df0f54f0 nmethod 2831 0x00000275cb7e9910 code [0x00000275cb7e9ac0, 0x00000275cb7e9cb0]
Event: 43.029 Thread 0x00000275df0f54f0 2832       3       java.lang.reflect.Field::<init> (50 bytes)
Event: 43.030 Thread 0x00000275df0f54f0 nmethod 2832 0x00000275cb7e9e10 code [0x00000275cb7e9fe0, 0x00000275cb7ea398]
Event: 43.703 Thread 0x00000275df0f54f0 2834       1       java.util.stream.Collectors$CollectorImpl::characteristics (5 bytes)
Event: 43.704 Thread 0x00000275df0f54f0 nmethod 2834 0x00000275d2e76090 code [0x00000275d2e76220, 0x00000275d2e762e8]
Event: 44.709 Thread 0x00000275df0f54f0 2835       3       java.lang.invoke.VarHandleReferences$FieldInstanceReadWrite::compareAndSet (48 bytes)
Event: 44.710 Thread 0x00000275df0f54f0 nmethod 2835 0x00000275cb7ea490 code [0x00000275cb7ea700, 0x00000275cb7eb0f8]
Event: 44.710 Thread 0x00000275df0f54f0 2836       3       javax.management.ObjectName::addProperty (80 bytes)
Event: 44.711 Thread 0x00000275df0f54f0 nmethod 2836 0x00000275cb7eb510 code [0x00000275cb7eb740, 0x00000275cb7ebea0]
Event: 45.179 Thread 0x00000275df0f54f0 2838       3       java.lang.invoke.InfoFromMemberName::getModifiers (8 bytes)
Event: 46.188 Thread 0x00000275df0f54f0 nmethod 2838 0x00000275cb7ec110 code [0x00000275cb7ec2c0, 0x00000275cb7ec438]
Event: 46.207 Thread 0x00000275df0f54f0 2840       2       java.io.DataInputStream::readUTF (501 bytes)
Event: 46.209 Thread 0x00000275df0f54f0 nmethod 2840 0x00000275cb7ec510 code [0x00000275cb7ec880, 0x00000275cb7ed920]
Event: 46.220 Thread 0x00000275df0f54f0 2841       3       java.io.DataInputStream::readUnsignedByte (22 bytes)
Event: 46.221 Thread 0x00000275df0f54f0 nmethod 2841 0x00000275cb7ee310 code [0x00000275cb7ee4e0, 0x00000275cb7ee7b0]

GC Heap History (10 events):
Event: 1.605 GC heap before
{Heap before GC invocations=0 (full 0):
 garbage-first heap   total 57344K, used 13312K [0x0000000080000000, 0x0000000100000000)
  region size 1024K, 13 young (13312K), 0 survivors (0K)
 Metaspace       used 7533K, committed 7680K, reserved 1114112K
  class space    used 704K, committed 768K, reserved 1048576K
}
Event: 1.627 GC heap after
{Heap after GC invocations=1 (full 0):
 garbage-first heap   total 57344K, used 1280K [0x0000000080000000, 0x0000000100000000)
  region size 1024K, 2 young (2048K), 2 survivors (2048K)
 Metaspace       used 7533K, committed 7680K, reserved 1114112K
  class space    used 704K, committed 768K, reserved 1048576K
}
Event: 15.856 GC heap before
{Heap before GC invocations=1 (full 0):
 garbage-first heap   total 57344K, used 27904K [0x0000000080000000, 0x0000000100000000)
  region size 1024K, 26 young (26624K), 2 survivors (2048K)
 Metaspace       used 11323K, committed 11456K, reserved 1114112K
  class space    used 1228K, committed 1280K, reserved 1048576K
}
Event: 15.877 GC heap after
{Heap after GC invocations=2 (full 0):
 garbage-first heap   total 57344K, used 10065K [0x0000000080000000, 0x0000000100000000)
  region size 1024K, 4 young (4096K), 4 survivors (4096K)
 Metaspace       used 11323K, committed 11456K, reserved 1114112K
  class space    used 1228K, committed 1280K, reserved 1048576K
}
Event: 19.561 GC heap before
{Heap before GC invocations=2 (full 0):
 garbage-first heap   total 57344K, used 38737K [0x0000000080000000, 0x0000000100000000)
  region size 1024K, 33 young (33792K), 4 survivors (4096K)
 Metaspace       used 12390K, committed 12544K, reserved 1114112K
  class space    used 1351K, committed 1408K, reserved 1048576K
}
Event: 19.577 GC heap after
{Heap after GC invocations=3 (full 0):
 garbage-first heap   total 57344K, used 11524K [0x0000000080000000, 0x0000000100000000)
  region size 1024K, 1 young (1024K), 1 survivors (1024K)
 Metaspace       used 12390K, committed 12544K, reserved 1114112K
  class space    used 1351K, committed 1408K, reserved 1048576K
}
Event: 21.930 GC heap before
{Heap before GC invocations=3 (full 0):
 garbage-first heap   total 57344K, used 45316K [0x0000000080000000, 0x0000000100000000)
  region size 1024K, 33 young (33792K), 1 survivors (1024K)
 Metaspace       used 12681K, committed 12864K, reserved 1114112K
  class space    used 1398K, committed 1472K, reserved 1048576K
}
Event: 21.940 GC heap after
{Heap after GC invocations=4 (full 0):
 garbage-first heap   total 57344K, used 16133K [0x0000000080000000, 0x0000000100000000)
  region size 1024K, 5 young (5120K), 5 survivors (5120K)
 Metaspace       used 12681K, committed 12864K, reserved 1114112K
  class space    used 1398K, committed 1472K, reserved 1048576K
}
Event: 31.023 GC heap before
{Heap before GC invocations=4 (full 0):
 garbage-first heap   total 57344K, used 41733K [0x0000000080000000, 0x0000000100000000)
  region size 1024K, 32 young (32768K), 5 survivors (5120K)
 Metaspace       used 21284K, committed 21504K, reserved 1114112K
  class space    used 2523K, committed 2624K, reserved 1048576K
}
Event: 31.037 GC heap after
{Heap after GC invocations=5 (full 0):
 garbage-first heap   total 57344K, used 20112K [0x0000000080000000, 0x0000000100000000)
  region size 1024K, 4 young (4096K), 4 survivors (4096K)
 Metaspace       used 21284K, committed 21504K, reserved 1114112K
  class space    used 2523K, committed 2624K, reserved 1048576K
}

Dll operation events (3 events):
Event: 0.049 Loaded shared library C:\Program Files\Android\Android Studio\jbr\bin\java.dll
Event: 0.076 Loaded shared library C:\Program Files\Android\Android Studio\jbr\bin\zip.dll
Event: 9.944 Loaded shared library C:\Program Files\Android\Android Studio\jbr\bin\verify.dll

Deoptimization events (20 events):
Event: 30.452 Thread 0x00000275e50c78c0 DEOPT PACKING pc=0x00000275d2db6d28 sp=0x00000092147fcdf0
Event: 30.452 Thread 0x00000275e50c78c0 DEOPT UNPACKING pc=0x00000275d27e46a2 sp=0x00000092147fcce0 mode 2
Event: 30.452 Thread 0x00000275e50c78c0 Uncommon trap: trap_request=0xffffff45 fr.pc=0x00000275d2d6b378 relative=0x0000000000000058
Event: 30.452 Thread 0x00000275e50c78c0 Uncommon trap: reason=unstable_if action=reinterpret pc=0x00000275d2d6b378 method=java.net.URI.match(CJJ)Z @ 19 c2
Event: 30.452 Thread 0x00000275e50c78c0 DEOPT PACKING pc=0x00000275d2d6b378 sp=0x00000092147fcd50
Event: 30.452 Thread 0x00000275e50c78c0 DEOPT UNPACKING pc=0x00000275d27e46a2 sp=0x00000092147fcce0 mode 2
Event: 31.241 Thread 0x00000275e40fd690 DEOPT PACKING pc=0x00000275cb35f621 sp=0x00000092148f8e70
Event: 31.241 Thread 0x00000275e40fd690 DEOPT UNPACKING pc=0x00000275d27e4e42 sp=0x00000092148f8370 mode 0
Event: 31.810 Thread 0x00000275e40fd690 Uncommon trap: trap_request=0xffffffcc fr.pc=0x00000275d2e5846c relative=0x000000000000032c
Event: 31.810 Thread 0x00000275e40fd690 Uncommon trap: reason=intrinsic_or_type_checked_inlining action=make_not_entrant pc=0x00000275d2e5846c method=java.util.Arrays.copyOf([Ljava/lang/Object;ILjava/lang/Class;)[Ljava/lang/Object; @ 35 c2
Event: 31.810 Thread 0x00000275e40fd690 DEOPT PACKING pc=0x00000275d2e5846c sp=0x00000092148fcf10
Event: 31.810 Thread 0x00000275e40fd690 DEOPT UNPACKING pc=0x00000275d27e46a2 sp=0x00000092148fcea0 mode 2
Event: 31.909 Thread 0x00000275e40fd690 Uncommon trap: trap_request=0xffffff45 fr.pc=0x00000275d2e30f50 relative=0x0000000000000470
Event: 31.909 Thread 0x00000275e40fd690 Uncommon trap: reason=unstable_if action=reinterpret pc=0x00000275d2e30f50 method=java.util.HashMap.getNode(Ljava/lang/Object;)Ljava/util/HashMap$Node; @ 66 c2
Event: 31.909 Thread 0x00000275e40fd690 DEOPT PACKING pc=0x00000275d2e30f50 sp=0x00000092148fc930
Event: 31.909 Thread 0x00000275e40fd690 DEOPT UNPACKING pc=0x00000275d27e46a2 sp=0x00000092148fc850 mode 2
Event: 31.992 Thread 0x00000275e40fd690 Uncommon trap: trap_request=0xffffff45 fr.pc=0x00000275d2dc437c relative=0x00000000000002bc
Event: 31.992 Thread 0x00000275e40fd690 Uncommon trap: reason=unstable_if action=reinterpret pc=0x00000275d2dc437c method=java.util.concurrent.ConcurrentHashMap.get(Ljava/lang/Object;)Ljava/lang/Object; @ 152 c2
Event: 31.992 Thread 0x00000275e40fd690 DEOPT PACKING pc=0x00000275d2dc437c sp=0x00000092148fbe70
Event: 31.992 Thread 0x00000275e40fd690 DEOPT UNPACKING pc=0x00000275d27e46a2 sp=0x00000092148fbde8 mode 2

Classes loaded (20 events):
Event: 37.056 Loading class java/util/LinkedList$ListItr done
Event: 41.597 Loading class java/nio/file/attribute/PosixFilePermission
Event: 41.599 Loading class java/nio/file/attribute/PosixFilePermission done
Event: 41.599 Loading class java/nio/file/NoSuchFileException
Event: 41.601 Loading class java/nio/file/FileSystemException
Event: 41.603 Loading class java/nio/file/FileSystemException done
Event: 41.603 Loading class java/nio/file/NoSuchFileException done
Event: 41.607 Loading class java/nio/file/attribute/PosixFilePermissions
Event: 41.610 Loading class java/nio/file/attribute/PosixFilePermissions done
Event: 41.610 Loading class java/util/RegularEnumSet$EnumSetIterator
Event: 41.611 Loading class java/util/RegularEnumSet$EnumSetIterator done
Event: 41.611 Loading class java/nio/file/attribute/PosixFilePermissions$1
Event: 41.611 Loading class java/nio/file/attribute/PosixFilePermissions$1 done
Event: 41.860 Loading class java/util/concurrent/ArrayBlockingQueue
Event: 41.864 Loading class java/util/concurrent/ArrayBlockingQueue done
Event: 41.864 Loading class java/util/concurrent/locks/ReentrantLock$FairSync
Event: 41.865 Loading class java/util/concurrent/locks/ReentrantLock$FairSync done
Event: 42.954 Loading class sun/misc/Unsafe
Event: 42.984 Loading class sun/misc/Unsafe done
Event: 45.182 Loading class java/net/DatagramPacket

Classes unloaded (0 events):
No events

Classes redefined (0 events):
No events

Internal exceptions (20 events):
Event: 25.736 Thread 0x00000275c5ed5480 Exception <a 'java/lang/NoSuchMethodError'{0x000000008278c548}: 'java.lang.Object java.lang.invoke.DirectMethodHandle$Holder.invokeStaticInit(java.lang.Object, java.lang.Object, int, int, int, int)'> (0x000000008278c548) 
thrown [s\src\hotspot\share\interpreter\linkResolver.cpp, line 784]
Event: 26.039 Thread 0x00000275c5ed5480 Exception <a 'java/io/IOException'{0x0000000082436240}> (0x0000000082436240) 
thrown [s\src\hotspot\share\prims\jni.cpp, line 537]
Event: 26.055 Thread 0x00000275c5ed5480 Implicit null exception at 0x00000275d2d84624 to 0x00000275d2d84c78
Event: 26.069 Thread 0x00000275c5ed5480 Exception <a 'java/lang/NoSuchMethodError'{0x00000000824a7ba8}: 'java.lang.Object java.lang.invoke.DirectMethodHandle$Holder.newInvokeSpecial(java.lang.Object, java.lang.Object, java.lang.Object, java.lang.Object, java.lang.Object)'> (0x00000000824a7ba8) 
thrown [s\src\hotspot\share\interpreter\linkResolver.cpp, line 784]
Event: 30.296 Thread 0x00000275e50c78c0 Exception <a 'java/lang/NoSuchMethodError'{0x0000000081f24630}: 'long java.lang.invoke.DirectMethodHandle$Holder.invokeSpecial(java.lang.Object, java.lang.Object)'> (0x0000000081f24630) 
thrown [s\src\hotspot\share\interpreter\linkResolver.cpp, line 784]
Event: 30.296 Thread 0x00000275e50c78c0 Exception <a 'java/lang/NoSuchMethodError'{0x0000000081f27a68}: 'long java.lang.invoke.Invokers$Holder.invokeExact_MT(java.lang.Object, java.lang.Object)'> (0x0000000081f27a68) 
thrown [s\src\hotspot\share\interpreter\linkResolver.cpp, line 784]
Event: 30.324 Thread 0x00000275e50c78c0 Exception <a 'java/lang/NoSuchMethodError'{0x0000000081f49ec8}: 'void java.lang.invoke.DirectMethodHandle$Holder.invokeSpecial(java.lang.Object, java.lang.Object, java.lang.Object)'> (0x0000000081f49ec8) 
thrown [s\src\hotspot\share\interpreter\linkResolver.cpp, line 784]
Event: 30.393 Thread 0x00000275e50c78c0 Exception <a 'java/lang/NoSuchMethodError'{0x0000000081f782d8}: static Lorg/gradle/tooling/internal/provider/serialization/ClassLoaderDetails;.<clinit>()V> (0x0000000081f782d8) 
thrown [s\src\hotspot\share\prims\jni.cpp, line 1144]
Event: 30.421 Thread 0x00000275e50c78c0 Exception <a 'java/lang/NoSuchMethodError'{0x0000000081f921e0}: static Lorg/gradle/internal/classloader/ClassLoaderSpec;.<clinit>()V> (0x0000000081f921e0) 
thrown [s\src\hotspot\share\prims\jni.cpp, line 1144]
Event: 30.422 Thread 0x00000275e50c78c0 Exception <a 'java/lang/NoSuchMethodError'{0x0000000081f9bf28}: static Lorg/gradle/tooling/internal/provider/serialization/WellKnownClassLoaderRegistry$KnownClassLoaderSpec;.<clinit>()V> (0x0000000081f9bf28) 
thrown [s\src\hotspot\share\prims\jni.cpp, line 1144]
Event: 30.426 Thread 0x00000275e50c78c0 Exception <a 'java/lang/NoSuchMethodError'{0x0000000081fb2410}: static Lorg/gradle/tooling/internal/provider/serialization/ClientOwnedClassLoaderSpec;.<clinit>()V> (0x0000000081fb2410) 
thrown [s\src\hotspot\share\prims\jni.cpp, line 1144]
Event: 31.452 Thread 0x00000275e40fd690 Exception <a 'java/lang/NoSuchMethodError'{0x0000000083495608}: 'long java.lang.invoke.DirectMethodHandle$Holder.invokeInterface(java.lang.Object, java.lang.Object)'> (0x0000000083495608) 
thrown [s\src\hotspot\share\interpreter\linkResolver.cpp, line 784]
Event: 31.758 Thread 0x00000275e40fd690 Exception <a 'java/lang/NoSuchMethodError'{0x00000000830fa670}: 'java.lang.Object java.lang.invoke.DirectMethodHandle$Holder.invokeVirtual(java.lang.Object, java.lang.Object, java.lang.Object, java.lang.Object, java.lang.Object, java.lang.Object, java.lang.Object, java.lang.Object, java.lang.Object, java.lang.Object, java.lang.Object, java.lang.Object)'> (0x00000000830fa670) 
thrown [s\src\hotspot\share\interpreter\linkResolver.cpp, line 784]
Event: 31.759 Thread 0x00000275e40fd690 Exception <a 'java/lang/NoSuchMethodError'{0x00000000830ff7c0}: 'java.lang.Object java.lang.invoke.DirectMethodHandle$Holder.invokeSpecial(java.lang.Object, java.lang.Object, java.lang.Object, java.lang.Object, java.lang.Object, java.lang.Object, java.lang.Object, java.lang.Object, java.lang.Object, java.lang.Object, java.lang.Object, java.lang.Object, java.lang.Object)'> (0x00000000830ff7c0) 
thrown [s\src\hotspot\share\interpreter\linkResolver.cpp, line 784]
Event: 32.133 Thread 0x00000275e40fd690 Exception <a 'java/lang/NoSuchMethodError'{0x0000000082b55508}: 'java.lang.Object java.lang.invoke.DirectMethodHandle$Holder.newInvokeSpecial(java.lang.Object, java.lang.Object, java.lang.Object, java.lang.Object, java.lang.Object, java.lang.Object)'> (0x0000000082b55508) 
thrown [s\src\hotspot\share\interpreter\linkResolver.cpp, line 784]
Event: 34.799 Thread 0x00000275e40fd690 Exception <a 'java/lang/NoSuchMethodError'{0x000000008281f418}: 'void java.lang.invoke.DelegatingMethodHandle$Holder.reinvoke_L(java.lang.Object, java.lang.Object, java.lang.Object, java.lang.Object, java.lang.Object, java.lang.Object, java.lang.Object, java.lang.Object, java.lang.Object, java.lang.Object)'> (0x000000008281f418) 
thrown [s\src\hotspot\share\interpreter\linkResolver.cpp, line 784]
Event: 34.802 Thread 0x00000275e40fd690 Exception <a 'java/lang/NoSuchMethodError'{0x0000000082826ef8}: 'java.lang.Object java.lang.invoke.Invokers$Holder.invoker(java.lang.Object, java.lang.Object, java.lang.Object, java.lang.Object, java.lang.Object, java.lang.Object, java.lang.Object, java.lang.Object, java.lang.Object, java.lang.Object)'> (0x0000000082826ef8) 
thrown [s\src\hotspot\share\interpreter\linkResolver.cpp, line 784]
Event: 41.680 Thread 0x00000275e40fd690 Exception <a 'java/lang/NoSuchMethodError'{0x0000000082293258}: 'void java.lang.invoke.DirectMethodHandle$Holder.invokeInterface(java.lang.Object, java.lang.Object)'> (0x0000000082293258) 
thrown [s\src\hotspot\share\interpreter\linkResolver.cpp, line 784]
Event: 41.690 Thread 0x00000275e40fd690 Exception <a 'java/lang/IncompatibleClassChangeError'{0x00000000822969d8}: Found class java.lang.Object, but interface was expected> (0x00000000822969d8) 
thrown [s\src\hotspot\share\interpreter\linkResolver.cpp, line 851]
Event: 41.916 Thread 0x00000275e40fd690 Exception <a 'java/lang/NoSuchMethodError'{0x00000000821b9880}: 'java.lang.Object java.lang.invoke.DirectMethodHandle$Holder.newInvokeSpecial(java.lang.Object, java.lang.Object, int)'> (0x00000000821b9880) 
thrown [s\src\hotspot\share\interpreter\linkResolver.cpp, line 784]

ZGC Phase Switch (0 events):
No events

VM Operations (20 events):
Event: 31.082 Executing VM operation: G1PauseCleanup
Event: 31.083 Executing VM operation: G1PauseCleanup done
Event: 32.090 Executing VM operation: Cleanup
Event: 32.091 Executing VM operation: Cleanup done
Event: 33.101 Executing VM operation: Cleanup
Event: 33.101 Executing VM operation: Cleanup done
Event: 35.121 Executing VM operation: Cleanup
Event: 35.173 Executing VM operation: Cleanup done
Event: 36.246 Executing VM operation: Cleanup
Event: 36.246 Executing VM operation: Cleanup done
Event: 37.255 Executing VM operation: Cleanup
Event: 37.793 Executing VM operation: Cleanup done
Event: 38.809 Executing VM operation: Cleanup
Event: 38.816 Executing VM operation: Cleanup done
Event: 40.924 Executing VM operation: Cleanup
Event: 40.940 Executing VM operation: Cleanup done
Event: 41.905 Executing VM operation: HandshakeAllThreads (Deoptimize)
Event: 41.905 Executing VM operation: HandshakeAllThreads (Deoptimize) done
Event: 42.915 Executing VM operation: Cleanup
Event: 42.949 Executing VM operation: Cleanup done

Memory protections (0 events):
No events

Nmethod flushes (0 events):
No events

Events (20 events):
Event: 0.591 Loaded shared library C:\Program Files\Android\Android Studio\jbr\bin\zip.dll
Event: 0.663 Thread 0x00000275c5ed5480 Thread added: 0x00000275df3b4ad0
Event: 2.061 Loaded shared library C:\Program Files\Android\Android Studio\jbr\bin\jimage.dll
Event: 15.078 Loaded shared library C:\Users\62812\.gradle\native\1def1411415f61bf3af743bc5b6707747c0891f09f0c88961ee8f79bc544acac\windows-amd64\native-platform.dll
Event: 15.138 Loaded shared library C:\Users\62812\.gradle\native\0.2.7\x86_64-windows-gnu\gradle-fileevents.dll
Event: 24.158 Loaded shared library C:\Program Files\Android\Android Studio\jbr\bin\management.dll
Event: 24.344 Loaded shared library C:\Program Files\Android\Android Studio\jbr\bin\management_ext.dll
Event: 24.717 Thread 0x00000275c5ed5480 Thread added: 0x00000275e4ec3b10
Event: 25.310 Loaded shared library C:\Program Files\Android\Android Studio\jbr\bin\extnet.dll
Event: 25.787 Thread 0x00000275c5ed5480 Thread added: 0x00000275df4f70b0
Event: 26.081 Thread 0x00000275c5ed5480 Thread added: 0x00000275e4ac03b0
Event: 28.495 Thread 0x00000275df4f70b0 Thread added: 0x00000275e50c7250
Event: 28.512 Thread 0x00000275e50c7250 Thread added: 0x00000275e50c78c0
Event: 30.799 Thread 0x00000275e50c7250 Thread added: 0x00000275e4bc9e10
Event: 30.966 Thread 0x00000275e50c7250 Thread added: 0x00000275e40fd690
Event: 31.007 Thread 0x00000275e40fd690 Thread added: 0x00000275e40fc970
Event: 31.052 Thread 0x00000275e40fd690 Thread added: 0x00000275e40fc2e0
Event: 31.087 Thread 0x00000275e40fd690 Thread added: 0x00000275e40fa210
Event: 41.911 Thread 0x00000275e40fd690 Thread added: 0x00000275e40fd000
Event: 45.147 Thread 0x00000275e40fd690 Thread added: 0x00000275e40fb5c0


Dynamic libraries:
0x00007ff7fc910000 - 0x00007ff7fc91a000 	C:\Program Files\Android\Android Studio\jbr\bin\java.exe
0x00007ffeac020000 - 0x00007ffeac288000 	C:\WINDOWS\SYSTEM32\ntdll.dll
0x00007ffeab850000 - 0x00007ffeab919000 	C:\WINDOWS\System32\KERNEL32.DLL
0x00007ffea95f0000 - 0x00007ffea99e2000 	C:\WINDOWS\System32\KERNELBASE.dll
0x00007ffea94a0000 - 0x00007ffea95eb000 	C:\WINDOWS\System32\ucrtbase.dll
0x00007ffe9aa00000 - 0x00007ffe9aa18000 	C:\Program Files\Android\Android Studio\jbr\bin\jli.dll
0x00007ffe9a9e0000 - 0x00007ffe9a9fb000 	C:\Program Files\Android\Android Studio\jbr\bin\VCRUNTIME140.dll
0x00007ffeaaab0000 - 0x00007ffeaac75000 	C:\WINDOWS\System32\USER32.dll
0x00007ffea9d30000 - 0x00007ffea9d57000 	C:\WINDOWS\System32\win32u.dll
0x00007ffeabf10000 - 0x00007ffeabf3b000 	C:\WINDOWS\System32\GDI32.dll
0x00007ffea9b40000 - 0x00007ffea9c6d000 	C:\WINDOWS\System32\gdi32full.dll
0x00007ffea99f0000 - 0x00007ffea9a93000 	C:\WINDOWS\System32\msvcp_win.dll
0x00007ffe85580000 - 0x00007ffe85813000 	C:\WINDOWS\WinSxS\amd64_microsoft.windows.common-controls_6595b64144ccf1df_6.0.26100.6899_none_3e0efeeae32e88c1\COMCTL32.dll
0x00007ffea9f00000 - 0x00007ffea9fa9000 	C:\WINDOWS\System32\msvcrt.dll
0x00007ffeaade0000 - 0x00007ffeaae0f000 	C:\WINDOWS\System32\IMM32.DLL
0x00007ffea61c0000 - 0x00007ffea61cc000 	C:\Program Files\Android\Android Studio\jbr\bin\vcruntime140_1.dll
0x00007ffe5bd30000 - 0x00007ffe5bdbd000 	C:\Program Files\Android\Android Studio\jbr\bin\msvcp140.dll
0x00007ffe569b0000 - 0x00007ffe57646000 	C:\Program Files\Android\Android Studio\jbr\bin\server\jvm.dll
0x00007ffeaa0c0000 - 0x00007ffeaa174000 	C:\WINDOWS\System32\ADVAPI32.dll
0x00007ffeaaa00000 - 0x00007ffeaaaa6000 	C:\WINDOWS\System32\sechost.dll
0x00007ffeaa190000 - 0x00007ffeaa2a8000 	C:\WINDOWS\System32\RPCRT4.dll
0x00007ffeab980000 - 0x00007ffeab9f4000 	C:\WINDOWS\System32\WS2_32.dll
0x00007ffea9000000 - 0x00007ffea905e000 	C:\WINDOWS\SYSTEM32\POWRPROF.dll
0x00007ffea29c0000 - 0x00007ffea29f5000 	C:\WINDOWS\SYSTEM32\WINMM.dll
0x00007ffea2a00000 - 0x00007ffea2a0b000 	C:\WINDOWS\SYSTEM32\VERSION.dll
0x00007ffea8fe0000 - 0x00007ffea8ff4000 	C:\WINDOWS\SYSTEM32\UMPDC.dll
0x00007ffea7f80000 - 0x00007ffea7f9b000 	C:\WINDOWS\SYSTEM32\kernel.appcore.dll
0x00007ffea4270000 - 0x00007ffea427a000 	C:\Program Files\Android\Android Studio\jbr\bin\jimage.dll
0x00007ffe9b8f0000 - 0x00007ffe9bb32000 	C:\WINDOWS\SYSTEM32\DBGHELP.DLL
0x00007ffeaa370000 - 0x00007ffeaa6eb000 	C:\WINDOWS\System32\combase.dll
0x00007ffeaa6f0000 - 0x00007ffeaa7c7000 	C:\WINDOWS\System32\OLEAUT32.dll
0x00007ffe9b890000 - 0x00007ffe9b8cc000 	C:\WINDOWS\SYSTEM32\dbgcore.DLL
0x00007ffea9aa0000 - 0x00007ffea9b38000 	C:\WINDOWS\System32\bcryptPrimitives.dll
0x00007ffe987b0000 - 0x00007ffe987be000 	C:\Program Files\Android\Android Studio\jbr\bin\instrument.dll
0x00007ffe91e10000 - 0x00007ffe91e30000 	C:\Program Files\Android\Android Studio\jbr\bin\java.dll
0x00007ffe8b490000 - 0x00007ffe8b4a8000 	C:\Program Files\Android\Android Studio\jbr\bin\zip.dll
0x00007ffeab100000 - 0x00007ffeab84d000 	C:\WINDOWS\System32\SHELL32.dll
0x00007ffea9330000 - 0x00007ffea949b000 	C:\WINDOWS\System32\wintypes.dll
0x00007ffea6df0000 - 0x00007ffea764d000 	C:\WINDOWS\SYSTEM32\windows.storage.dll
0x00007ffea9df0000 - 0x00007ffea9ee2000 	C:\WINDOWS\System32\SHCORE.dll
0x00007ffeabf70000 - 0x00007ffeabfd2000 	C:\WINDOWS\System32\shlwapi.dll
0x00007ffea90d0000 - 0x00007ffea90f9000 	C:\WINDOWS\SYSTEM32\profapi.dll
0x00007ffea4240000 - 0x00007ffea4250000 	C:\Program Files\Android\Android Studio\jbr\bin\net.dll
0x00007ffe9e480000 - 0x00007ffe9e59f000 	C:\WINDOWS\SYSTEM32\WINHTTP.dll
0x00007ffea84f0000 - 0x00007ffea855b000 	C:\WINDOWS\system32\mswsock.dll
0x00007ffe891c0000 - 0x00007ffe891d6000 	C:\Program Files\Android\Android Studio\jbr\bin\nio.dll
0x00007ffe9cb10000 - 0x00007ffe9cb20000 	C:\Program Files\Android\Android Studio\jbr\bin\verify.dll
0x00007ffe92550000 - 0x00007ffe92577000 	C:\Users\62812\.gradle\native\1def1411415f61bf3af743bc5b6707747c0891f09f0c88961ee8f79bc544acac\windows-amd64\native-platform.dll
0x00007ffe5bcb0000 - 0x00007ffe5bd28000 	C:\Users\62812\.gradle\native\0.2.7\x86_64-windows-gnu\gradle-fileevents.dll
0x00007ffe9eac0000 - 0x00007ffe9eac9000 	C:\Program Files\Android\Android Studio\jbr\bin\management.dll
0x00007ffe9e7e0000 - 0x00007ffe9e7eb000 	C:\Program Files\Android\Android Studio\jbr\bin\management_ext.dll
0x00007ffea9fb0000 - 0x00007ffea9fb8000 	C:\WINDOWS\System32\PSAPI.DLL
0x00007ffea7aa0000 - 0x00007ffea7ad4000 	C:\WINDOWS\SYSTEM32\IPHLPAPI.DLL
0x00007ffeaa2d0000 - 0x00007ffeaa2da000 	C:\WINDOWS\System32\NSI.dll
0x00007ffea4120000 - 0x00007ffea4129000 	C:\Program Files\Android\Android Studio\jbr\bin\extnet.dll
0x00007ffea87b0000 - 0x00007ffea87cb000 	C:\WINDOWS\SYSTEM32\CRYPTSP.dll
0x00007ffea7ee0000 - 0x00007ffea7f1b000 	C:\WINDOWS\system32\rsaenh.dll
0x00007ffea8590000 - 0x00007ffea85bb000 	C:\WINDOWS\SYSTEM32\USERENV.dll
0x00007ffea90a0000 - 0x00007ffea90c6000 	C:\WINDOWS\SYSTEM32\bcrypt.dll
0x00007ffea87a0000 - 0x00007ffea87ac000 	C:\WINDOWS\SYSTEM32\CRYPTBASE.dll
0x00007ffe63660000 - 0x00007ffe63668000 	C:\WINDOWS\system32\wshunix.dll

JVMTI agents:
C:\Users\62812\.gradle\wrapper\dists\gradle-8.13-bin\5xuhj0ry160q40clulazy9h7d\gradle-8.13\lib\agents\gradle-instrumentation-agent-8.13.jar path:C:\Program Files\Android\Android Studio\jbr\bin\instrument.dll, loaded, initialized, instrumentlib options:none

dbghelp: loaded successfully - version: 4.0.5 - missing functions: none
symbol engine: initialized successfully - sym options: 0x614 - pdb path: .;C:\Program Files\Android\Android Studio\jbr\bin;C:\WINDOWS\SYSTEM32;C:\WINDOWS\WinSxS\amd64_microsoft.windows.common-controls_6595b64144ccf1df_6.0.26100.6899_none_3e0efeeae32e88c1;C:\Program Files\Android\Android Studio\jbr\bin\server;C:\Users\62812\.gradle\native\1def1411415f61bf3af743bc5b6707747c0891f09f0c88961ee8f79bc544acac\windows-amd64;C:\Users\62812\.gradle\native\0.2.7\x86_64-windows-gnu

VM Arguments:
jvm_args: --add-opens=java.base/java.lang=ALL-UNNAMED --add-opens=java.base/java.lang.invoke=ALL-UNNAMED --add-opens=java.base/java.util=ALL-UNNAMED --add-opens=java.prefs/java.util.prefs=ALL-UNNAMED --add-exports=jdk.compiler/com.sun.tools.javac.api=ALL-UNNAMED --add-exports=jdk.compiler/com.sun.tools.javac.util=ALL-UNNAMED --add-opens=java.base/java.util=ALL-UNNAMED --add-opens=java.prefs/java.util.prefs=ALL-UNNAMED --add-opens=java.base/java.nio.charset=ALL-UNNAMED --add-opens=java.base/java.net=ALL-UNNAMED --add-opens=java.base/java.util.concurrent.atomic=ALL-UNNAMED --add-opens=java.xml/javax.xml.namespace=ALL-UNNAMED -Xmx2048m -Dfile.encoding=UTF-8 -Duser.country=ID -Duser.language=en -Duser.variant -javaagent:C:\Users\62812\.gradle\wrapper\dists\gradle-8.13-bin\5xuhj0ry160q40clulazy9h7d\gradle-8.13\lib\agents\gradle-instrumentation-agent-8.13.jar 
java_command: org.gradle.launcher.daemon.bootstrap.GradleDaemon 8.13
java_class_path (initial): C:\Users\62812\.gradle\wrapper\dists\gradle-8.13-bin\5xuhj0ry160q40clulazy9h7d\gradle-8.13\lib\gradle-daemon-main-8.13.jar
Launcher Type: SUN_STANDARD

[Global flags]
     intx CICompilerCount                          = 3                                         {product} {ergonomic}
     uint ConcGCThreads                            = 1                                         {product} {ergonomic}
     uint G1ConcRefinementThreads                  = 4                                         {product} {ergonomic}
   size_t G1HeapRegionSize                         = 1048576                                   {product} {ergonomic}
    uintx GCDrainStackTargetSize                   = 64                                        {product} {ergonomic}
   size_t InitialHeapSize                          = 58720256                                  {product} {ergonomic}
   size_t MarkStackSize                            = 4194304                                   {product} {ergonomic}
   size_t MaxHeapSize                              = 2147483648                                {product} {command line}
   size_t MaxNewSize                               = 1287651328                                {product} {ergonomic}
   size_t MinHeapDeltaBytes                        = 1048576                                   {product} {ergonomic}
   size_t MinHeapSize                              = 8388608                                   {product} {ergonomic}
    uintx NonNMethodCodeHeapSize                   = 5832780                                {pd product} {ergonomic}
    uintx NonProfiledCodeHeapSize                  = 122912730                              {pd product} {ergonomic}
    uintx ProfiledCodeHeapSize                     = 122912730                              {pd product} {ergonomic}
    uintx ReservedCodeCacheSize                    = 251658240                              {pd product} {ergonomic}
     bool SegmentedCodeCache                       = true                                      {product} {ergonomic}
   size_t SoftMaxHeapSize                          = 2147483648                             {manageable} {ergonomic}
     bool UseCompressedOops                        = true                           {product lp64_product} {ergonomic}
     bool UseG1GC                                  = true                                      {product} {ergonomic}
     bool UseLargePagesIndividualAllocation        = false                                  {pd product} {ergonomic}

Logging:
Log output configuration:
 #0: stdout all=warning uptime,level,tags foldmultilines=false
 #1: stderr all=off uptime,level,tags foldmultilines=false

Environment Variables:
PATH=C:\Program Files\Common Files\Oracle\Java\javapath;C:\WINDOWS\system32;C:\WINDOWS;C:\WINDOWS\System32\Wbem;C:\WINDOWS\System32\WindowsPowerShell\v1.0\;C:\WINDOWS\System32\OpenSSH\;C:\Program Files\Java\jdk-23\bin;c:\Users\62812\AppData\Local\Programs\cursor\resources\app\bin;C:\nginx-1.26.3;C:\Program Files\nodejs\;C:\Program Files\Git\cmd;C:\laragon\bin\php\php-8.3.28-Win32-vs16-x64\;C:\Users\62812\AppData\Local\Programs\Python\Python312\Scripts\;C:\Users\62812\AppData\Local\Programs\Python\Python312\;C:\Users\62812\AppData\Local\Programs\Python\Launcher\;C:\Users\62812\AppData\Local\Microsoft\WindowsApps;C:\Users\62812\AppData\Local\Programs\Microsoft VS Code\bin;C:\ProgramData\62812\GitHubDesktop\bin;C:\Users\62812\AppData\Local\Microsoft\WinGet\Packages\Schniz.fnm_Microsoft.Winget.Source_8wekyb3d8bbwe;C:\Users\62812\AppData\Local\Programs\cursor\resources\app\bin;C:\Users\62812\AppData\Roaming\npm;C:\Users\62812\AppData\Local\Programs\Antigravity\bin
USERNAME=62812
OS=Windows_NT
PROCESSOR_IDENTIFIER=AMD64 Family 23 Model 24 Stepping 1, AuthenticAMD
TMP=C:\Users\62812\AppData\Local\Temp
TEMP=C:\Users\62812\AppData\Local\Temp




Periodic native trim disabled

JNI global refs:
JNI global refs: 23, weak refs: 0

JNI global refs memory usage: 835, weak refs: 833

Process memory usage:
Resident Set Size: 74148K (2% of 3605516K total physical memory with 193244K free physical memory)

OOME stack traces (most recent first):
Classloader memory used:
Loader bootstrap                                                                       : 16367K
Loader org.gradle.internal.classloader.VisitableURLClassLoader                         : 8720K
Loader org.gradle.initialization.MixInLegacyTypesClassLoader                           : 595K
Loader jdk.internal.loader.ClassLoaders$AppClassLoader                                 : 235K
Loader jdk.internal.loader.ClassLoaders$PlatformClassLoader                            : 117K
Loader jdk.internal.reflect.DelegatingClassLoader                                      : 38272B

Classes loaded by more than one classloader:
Class org.gradle.internal.classloader.FilteringClassLoader                            : loaded 2 times (x 105B)
Class org.gradle.internal.classloader.ClassLoaderHierarchy                            : loaded 2 times (x 70B)
Class org.gradle.api.internal.classpath.ManifestUtil                                  : loaded 2 times (x 71B)
Class org.gradle.internal.classloader.ClassLoaderVisitor                              : loaded 2 times (x 76B)
Class org.gradle.api.internal.classpath.EffectiveClassPath                            : loaded 2 times (x 90B)
Class org.gradle.api.internal.DefaultClassPathProvider                                : loaded 2 times (x 76B)
Class [Lorg.gradle.api.internal.ClassPathProvider;                                    : loaded 2 times (x 69B)
Class org.gradle.api.internal.ClassPathProvider                                       : loaded 2 times (x 70B)
Class org.gradle.internal.service.UnknownServiceException                             : loaded 2 times (x 83B)
Class org.gradle.internal.classpath.TransformedClassPath                              : loaded 2 times (x 96B)
Class org.gradle.internal.classloader.InstrumentingClassLoader                        : loaded 2 times (x 70B)
Class org.gradle.internal.service.ServiceLocator                                      : loaded 2 times (x 70B)
Class org.gradle.internal.InternalTransformer                                         : loaded 2 times (x 70B)
Class org.gradle.internal.classloader.ClasspathUtil$1                                 : loaded 2 times (x 76B)
Class org.gradle.api.internal.classpath.DefaultModuleRegistry$DefaultModule           : loaded 2 times (x 86B)
Class org.gradle.api.internal.classpath.Module                                        : loaded 2 times (x 70B)
Class org.gradle.api.internal.classpath.UnknownModuleException                        : loaded 2 times (x 82B)
Class org.gradle.api.internal.DefaultClassPathRegistry                                : loaded 2 times (x 76B)
Class org.gradle.api.internal.ClassPathRegistry                                       : loaded 2 times (x 70B)
Class org.gradle.internal.classpath.DefaultClassPath$ImmutableUniqueList              : loaded 2 times (x 199B)
Class org.gradle.internal.classpath.ClassPath                                         : loaded 2 times (x 70B)
Class org.gradle.api.UncheckedIOException                                             : loaded 2 times (x 82B)
Class org.gradle.internal.installation.GradleInstallation$1                           : loaded 2 times (x 75B)
Class org.gradle.api.internal.classpath.ModuleRegistry                                : loaded 2 times (x 70B)
Class org.gradle.api.internal.classpath.DefaultModuleRegistry                         : loaded 2 times (x 86B)
Class org.gradle.internal.service.ServiceLookupException                              : loaded 2 times (x 82B)
Class org.gradle.internal.classloader.ClassLoaderFactory                              : loaded 2 times (x 70B)
Class org.gradle.internal.service.CachingServiceLocator                               : loaded 2 times (x 82B)
Class org.gradle.internal.classloader.ClasspathUtil                                   : loaded 2 times (x 71B)
Class org.gradle.api.specs.Spec                                                       : loaded 2 times (x 70B)
Class org.gradle.internal.classloader.VisitableURLClassLoader$InstrumentingVisitableURLClassLoader: loaded 2 times (x 123B)
Class org.gradle.internal.classloader.VisitableURLClassLoader$Spec                    : loaded 2 times (x 74B)
Class org.gradle.internal.classpath.DefaultClassPath                                  : loaded 2 times (x 90B)
Class org.gradle.internal.classloader.ClassLoaderSpec                                 : loaded 2 times (x 71B)
Class org.gradle.internal.classloader.VisitableURLClassLoader                         : loaded 2 times (x 117B)
Class org.gradle.internal.Cast                                                        : loaded 2 times (x 71B)
Class org.gradle.api.Action                                                           : loaded 2 times (x 70B)
Class org.gradle.internal.classpath.DefaultClassPath$ImmutableUniqueList$Builder      : loaded 2 times (x 75B)
Class org.gradle.api.GradleException                                                  : loaded 2 times (x 82B)
Class org.gradle.internal.IoActions                                                   : loaded 2 times (x 71B)
Class org.gradle.internal.classloader.SystemClassLoaderSpec                           : loaded 2 times (x 71B)
Class org.gradle.api.internal.classpath.GlobalCacheRootsProvider                      : loaded 2 times (x 70B)
Class org.gradle.internal.installation.CurrentGradleInstallationLocator               : loaded 2 times (x 71B)
Class org.gradle.internal.service.DefaultServiceLocator                               : loaded 2 times (x 83B)
Class org.gradle.internal.installation.CurrentGradleInstallation                      : loaded 2 times (x 73B)
Class org.gradle.util.internal.GUtil                                                  : loaded 2 times (x 71B)
Class org.gradle.internal.installation.GradleInstallation                             : loaded 2 times (x 75B)

---------------  S Y S T E M  ---------------

OS:
 Windows 11 , 64 bit Build 26100 (10.0.26100.6725)
OS uptime: 0 days 8:10 hours
Hyper-V role detected

CPU: total 4 (initial active 4) (4 cores per cpu, 2 threads per core) family 23 model 24 stepping 1 microcode 0x8108109, cx8, cmov, fxsr, ht, mmx, 3dnowpref, sse, sse2, sse3, ssse3, sse4a, sse4.1, sse4.2, popcnt, lzcnt, tsc, tscinvbit, avx, avx2, aes, clmul, bmi1, bmi2, adx, sha, fma, vzeroupper, clflush, clflushopt, hv, rdtscp, f16c
Processor Information for the first 4 processors :
  Max Mhz: 2600, Current Mhz: 2600, Mhz Limit: 2600

Memory: 4k page, system-wide physical 3521M (190M free)
TotalPageFile size 11713M (AvailPageFile size 4M)
current process WorkingSet (physical memory assigned to process): 72M, peak: 115M
current process commit charge ("private bytes"): 186M, peak: 188M

vm_info: OpenJDK 64-Bit Server VM (21.0.8+-14196175-b1038.72) for windows-amd64 JRE (21.0.8+-14196175-b1038.72), built on 2025-10-01T10:24:33Z by "builder" with MS VC++ 16.10 / 16.11 (VS2019)

END.
